<?xml version="1.0" encoding="UTF-8"?>
<!-- Generated by org.testng.reporters.JUnitReportReporter -->
<testsuite hostname="INTEND" name="automationFramework.TestNG" tests="1" failures="0" timestamp="12 Apr 2016 12:14:23 GMT" time="10.401" errors="0">
  <testcase name="main" time="10.401" classname="automationFramework.TestNG"/>
</testsuite> <!-- automationFramework.TestNG -->
