<?xml version="1.0" encoding="UTF-8"?>
<!-- Generated by org.testng.reporters.JUnitReportReporter -->
<testsuite hostname="INTEND" name="automationFramework.TestNG2" tests="1" failures="0" timestamp="12 Apr 2016 11:36:23 GMT" time="9.021" errors="0">
  <testcase name="main" time="9.021" classname="automationFramework.TestNG2"/>
</testsuite> <!-- automationFramework.TestNG2 -->
