<?xml version="1.0" encoding="UTF-8"?>
<!-- Generated by org.testng.reporters.JUnitReportReporter -->
<testsuite hostname="INTEND" name="automationFramework.Dependent" tests="3" failures="0" timestamp="12 Apr 2016 11:59:14 GMT" time="0.010" errors="0">
  <testcase name="SignIn" time="0.000" classname="automationFramework.Dependent"/>
  <testcase name="OpenBrowser" time="0.010" classname="automationFramework.Dependent"/>
  <testcase name="LogOut" time="0.000" classname="automationFramework.Dependent"/>
</testsuite> <!-- automationFramework.Dependent -->
