<?xml version="1.0" encoding="UTF-8"?>
<!-- Generated by org.testng.reporters.JUnitReportReporter -->
<testsuite hostname="INTEND" name="automationFramework.Sequencing" tests="2" failures="0" timestamp="12 Apr 2016 11:41:09 GMT" time="0.010" errors="0">
  <testcase name="testCase2" time="0.000" classname="automationFramework.Sequencing"/>
  <testcase name="testCase1" time="0.010" classname="automationFramework.Sequencing"/>
</testsuite> <!-- automationFramework.Sequencing -->
