<?xml version="1.0" encoding="UTF-8"?>
<!-- Generated by org.testng.reporters.JUnitReportReporter -->
<testsuite hostname="INTEND" name="test.TestNGExample" tests="2" failures="0" timestamp="4 Apr 2016 19:23:51 GMT" time="0.010" errors="0">
  <testcase name="testAdd" time="0.010" classname="test.TestNGExample"/>
  <testcase name="testAddAdd" time="0.000" classname="test.TestNGExample"/>
</testsuite> <!-- test.TestNGExample -->
