<?xml version="1.0" encoding="UTF-8"?>
<!-- Generated by org.testng.reporters.JUnitReportReporter -->
<testsuite hostname="INTEND" name="test.TestExample" tests="2" failures="0" timestamp="4 Apr 2016 19:31:45 GMT" time="0.020" errors="0">
  <testcase name="test1" time="0.010" classname="test.TestExample"/>
  <testcase name="test2" time="0.010" classname="test.TestExample"/>
</testsuite> <!-- test.TestExample -->
